This file contains any messages produced by compilers while
running configure, to aid debugging if configure makes a mistake.

It was created by FULL-PACKAGE-NAME preflight VERSION, which was
generated by GNU Autoconf 2.68.  Invocation command line was

  $ ./preflight -q

## --------- ##
## Platform. ##
## --------- ##

hostname = andrew-VirtualBox
uname -m = x86_64
uname -r = 5.15.0-89-generic
uname -s = Linux
uname -v = #99~20.04.1-Ubuntu SMP Thu Nov 2 15:16:47 UTC 2023

/usr/bin/uname -p = x86_64
/bin/uname -X     = unknown

/bin/arch              = x86_64
/usr/bin/arch -k       = unknown
/usr/convex/getsysinfo = unknown
/usr/bin/hostinfo      = unknown
/bin/machine           = unknown
/usr/bin/oslevel       = unknown
/bin/universe          = unknown

PATH: /usr/local/sbin
PATH: /usr/local/bin
PATH: /usr/sbin
PATH: /usr/bin
PATH: /sbin
PATH: /bin
PATH: /snap/bin


## ----------- ##
## Core tests. ##
## ----------- ##

preflight:2107: checking for gcc
preflight:2123: found /usr/bin/gcc
preflight:2134: result: gcc
preflight:2363: checking for C compiler version
preflight:2372: gcc --version >&5
gcc (Ubuntu 9.4.0-1ubuntu1~20.04.2) 9.4.0
Copyright (C) 2019 Free Software Foundation, Inc.
This is free software; see the source for copying conditions.  There is NO
warranty; not even for MERCHANTABILITY or FITNESS FOR A PARTICULAR PURPOSE.

preflight:2383: $? = 0
preflight:2372: gcc -v >&5
Using built-in specs.
COLLECT_GCC=gcc
COLLECT_LTO_WRAPPER=/usr/lib/gcc/x86_64-linux-gnu/9/lto-wrapper
OFFLOAD_TARGET_NAMES=nvptx-none:hsa
OFFLOAD_TARGET_DEFAULT=1
Target: x86_64-linux-gnu
Configured with: ../src/configure -v --with-pkgversion='Ubuntu 9.4.0-1ubuntu1~20.04.2' --with-bugurl=file:///usr/share/doc/gcc-9/README.Bugs --enable-languages=c,ada,c++,go,brig,d,fortran,objc,obj-c++,gm2 --prefix=/usr --with-gcc-major-version-only --program-suffix=-9 --program-prefix=x86_64-linux-gnu- --enable-shared --enable-linker-build-id --libexecdir=/usr/lib --without-included-gettext --enable-threads=posix --libdir=/usr/lib --enable-nls --enable-clocale=gnu --enable-libstdcxx-debug --enable-libstdcxx-time=yes --with-default-libstdcxx-abi=new --enable-gnu-unique-object --disable-vtable-verify --enable-plugin --enable-default-pie --with-system-zlib --with-target-system-zlib=auto --enable-objc-gc=auto --enable-multiarch --disable-werror --with-arch-32=i686 --with-abi=m64 --with-multilib-list=m32,m64,mx32 --enable-multilib --with-tune=generic --enable-offload-targets=nvptx-none=/build/gcc-9-9QDOt0/gcc-9-9.4.0/debian/tmp-nvptx/usr,hsa --without-cuda-driver --enable-checking=release --build=x86_64-linux-gnu --host=x86_64-linux-gnu --target=x86_64-linux-gnu
Thread model: posix
gcc version 9.4.0 (Ubuntu 9.4.0-1ubuntu1~20.04.2) 
preflight:2383: $? = 0
preflight:2372: gcc -V >&5
gcc: error: unrecognized command line option '-V'
gcc: fatal error: no input files
compilation terminated.
preflight:2383: $? = 1
preflight:2372: gcc -qversion >&5
gcc: error: unrecognized command line option '-qversion'; did you mean '--version'?
gcc: fatal error: no input files
compilation terminated.
preflight:2383: $? = 1
preflight:2403: checking whether the C compiler works
preflight:2425: gcc    conftest.c  >&5
preflight:2429: $? = 0
preflight:2477: result: yes
preflight:2480: checking for C compiler default output file name
preflight:2482: result: a.out
preflight:2488: checking for suffix of executables
preflight:2495: gcc -o conftest    conftest.c  >&5
preflight:2499: $? = 0
preflight:2521: result: 
preflight:2543: checking whether we are cross compiling
preflight:2551: gcc -o conftest    conftest.c  >&5
preflight:2555: $? = 0
preflight:2562: ./conftest
preflight:2566: $? = 0
preflight:2554: result: no
preflight:2559: checking for suffix of object files
preflight:2581: gcc -c   conftest.c >&5
preflight:2585: $? = 0
preflight:2606: result: o
preflight:2610: checking whether we are using the GNU C compiler
preflight:2629: gcc -c   conftest.c >&5
preflight:2629: $? = 0
preflight:2638: result: yes
preflight:2647: checking whether gcc accepts -g
preflight:2667: gcc -c -g  conftest.c >&5
preflight:2667: $? = 0
preflight:2708: result: yes
preflight:2725: checking for gcc option to accept ISO C89
preflight:2789: gcc  -c -g -O2  conftest.c >&5
preflight:2789: $? = 0
preflight:2802: result: none needed
preflight:2827: checking how to run the C preprocessor
preflight:2858: gcc -E  conftest.c
preflight:2858: $? = 0
preflight:2872: gcc -E  conftest.c
conftest.c:9:10: fatal error: ac_nonexistent.h: No such file or directory
    9 | #include <ac_nonexistent.h>
      |          ^~~~~~~~~~~~~~~~~~
compilation terminated.
preflight:2872: $? = 1
preflight: failed program was:
| /* confdefs.h */
| #define PACKAGE_NAME "FULL-PACKAGE-NAME"
| #define PACKAGE_TARNAME "full-package-name"
| #define PACKAGE_VERSION "VERSION"
| #define PACKAGE_STRING "FULL-PACKAGE-NAME VERSION"
| #define PACKAGE_BUGREPORT "BUG-REPORT-ADDRESS"
| #define PACKAGE_URL ""
| /* end confdefs.h.  */
| #include <ac_nonexistent.h>
preflight:2897: result: gcc -E
preflight:2917: gcc -E  conftest.c
preflight:2917: $? = 0
preflight:2931: gcc -E  conftest.c
conftest.c:9:10: fatal error: ac_nonexistent.h: No such file or directory
    9 | #include <ac_nonexistent.h>
      |          ^~~~~~~~~~~~~~~~~~
compilation terminated.
preflight:2931: $? = 1
preflight: failed program was:
| /* confdefs.h */
| #define PACKAGE_NAME "FULL-PACKAGE-NAME"
| #define PACKAGE_TARNAME "full-package-name"
| #define PACKAGE_VERSION "VERSION"
| #define PACKAGE_STRING "FULL-PACKAGE-NAME VERSION"
| #define PACKAGE_BUGREPORT "BUG-REPORT-ADDRESS"
| #define PACKAGE_URL ""
| /* end confdefs.h.  */
| #include <ac_nonexistent.h>
preflight:3017: checking for g++
preflight:3033: found /usr/bin/g++
preflight:3044: result: g++
preflight:3071: checking for C++ compiler version
preflight:3080: g++ --version >&5
g++ (Ubuntu 9.4.0-1ubuntu1~20.04.2) 9.4.0
Copyright (C) 2019 Free Software Foundation, Inc.
This is free software; see the source for copying conditions.  There is NO
warranty; not even for MERCHANTABILITY or FITNESS FOR A PARTICULAR PURPOSE.

preflight:3091: $? = 0
preflight:3080: g++ -v >&5
Using built-in specs.
COLLECT_GCC=g++
COLLECT_LTO_WRAPPER=/usr/lib/gcc/x86_64-linux-gnu/9/lto-wrapper
OFFLOAD_TARGET_NAMES=nvptx-none:hsa
OFFLOAD_TARGET_DEFAULT=1
Target: x86_64-linux-gnu
Configured with: ../src/configure -v --with-pkgversion='Ubuntu 9.4.0-1ubuntu1~20.04.2' --with-bugurl=file:///usr/share/doc/gcc-9/README.Bugs --enable-languages=c,ada,c++,go,brig,d,fortran,objc,obj-c++,gm2 --prefix=/usr --with-gcc-major-version-only --program-suffix=-9 --program-prefix=x86_64-linux-gnu- --enable-shared --enable-linker-build-id --libexecdir=/usr/lib --without-included-gettext --enable-threads=posix --libdir=/usr/lib --enable-nls --enable-clocale=gnu --enable-libstdcxx-debug --enable-libstdcxx-time=yes --with-default-libstdcxx-abi=new --enable-gnu-unique-object --disable-vtable-verify --enable-plugin --enable-default-pie --with-system-zlib --with-target-system-zlib=auto --enable-objc-gc=auto --enable-multiarch --disable-werror --with-arch-32=i686 --with-abi=m64 --with-multilib-list=m32,m64,mx32 --enable-multilib --with-tune=generic --enable-offload-targets=nvptx-none=/build/gcc-9-9QDOt0/gcc-9-9.4.0/debian/tmp-nvptx/usr,hsa --without-cuda-driver --enable-checking=release --build=x86_64-linux-gnu --host=x86_64-linux-gnu --target=x86_64-linux-gnu
Thread model: posix
gcc version 9.4.0 (Ubuntu 9.4.0-1ubuntu1~20.04.2) 
preflight:3091: $? = 0
preflight:3080: g++ -V >&5
g++: error: unrecognized command line option '-V'
g++: fatal error: no input files
compilation terminated.
preflight:3091: $? = 1
preflight:3080: g++ -qversion >&5
g++: error: unrecognized command line option '-qversion'; did you mean '--version'?
g++: fatal error: no input files
compilation terminated.
preflight:3091: $? = 1
preflight:3095: checking whether we are using the GNU C++ compiler
preflight:3114: g++ -c   conftest.cpp >&5
preflight:3114: $? = 0
preflight:3123: result: yes
preflight:3132: checking whether g++ accepts -g
preflight:3152: g++ -c -g  conftest.cpp >&5
preflight:3152: $? = 0
preflight:3193: result: yes
preflight:3219: checking for bunzip2
preflight:3235: found /usr/bin/bunzip2
preflight:3246: result: yes
preflight:3256: checking for tar
preflight:3272: found /usr/bin/tar
preflight:3283: result: yes
preflight:3293: checking for gunzip
preflight:3309: found /usr/bin/gunzip
preflight:3320: result: yes
preflight:3330: checking for make
preflight:3346: found /usr/bin/make
preflight:3357: result: yes
preflight:3367: checking for patch
preflight:3383: found /usr/bin/patch
preflight:3394: result: yes
preflight:3405: checking for xml2-config
preflight:3423: found /usr/bin/xml2-config
preflight:3435: result: /usr/bin/xml2-config
preflight:3445: checking for xslt-config
preflight:3463: found /usr/bin/xslt-config
preflight:3475: result: /usr/bin/xslt-config
preflight:3488: checking for grep that handles long lines and -e
preflight:3546: result: /usr/bin/grep
preflight:3551: checking for egrep
preflight:3613: result: /usr/bin/grep -E
preflight:3618: checking for ANSI C header files
preflight:3638: gcc -c -g -O2  conftest.c >&5
preflight:3638: $? = 0
preflight:3711: gcc -o conftest -g -O2   conftest.c  >&5
preflight:3711: $? = 0
preflight:3711: ./conftest
preflight:3711: $? = 0
preflight:3722: result: yes
preflight:3735: checking for sys/types.h
preflight:3735: gcc -c -g -O2  conftest.c >&5
preflight:3735: $? = 0
preflight:3735: result: yes
preflight:3735: checking for sys/stat.h
preflight:3735: gcc -c -g -O2  conftest.c >&5
preflight:3735: $? = 0
preflight:3735: result: yes
preflight:3735: checking for stdlib.h
preflight:3735: gcc -c -g -O2  conftest.c >&5
preflight:3735: $? = 0
preflight:3735: result: yes
preflight:3735: checking for string.h
preflight:3735: gcc -c -g -O2  conftest.c >&5
preflight:3735: $? = 0
preflight:3735: result: yes
preflight:3735: checking for memory.h
preflight:3735: gcc -c -g -O2  conftest.c >&5
preflight:3735: $? = 0
preflight:3735: result: yes
preflight:3735: checking for strings.h
preflight:3735: gcc -c -g -O2  conftest.c >&5
preflight:3735: $? = 0
preflight:3735: result: yes
preflight:3735: checking for inttypes.h
preflight:3735: gcc -c -g -O2  conftest.c >&5
preflight:3735: $? = 0
preflight:3735: result: yes
preflight:3735: checking for stdint.h
preflight:3735: gcc -c -g -O2  conftest.c >&5
preflight:3735: $? = 0
preflight:3735: result: yes
preflight:3735: checking for unistd.h
preflight:3735: gcc -c -g -O2  conftest.c >&5
preflight:3735: $? = 0
preflight:3735: result: yes
preflight:3747: checking openssl/ssl.h usability
preflight:3747: gcc -c -g -O2  conftest.c >&5
preflight:3747: $? = 0
preflight:3747: result: yes
preflight:3747: checking openssl/ssl.h presence
preflight:3747: gcc -E  conftest.c
preflight:3747: $? = 0
preflight:3747: result: yes
preflight:3747: checking for openssl/ssl.h
preflight:3747: result: yes
preflight:3760: checking for main in -lreadline
preflight:3779: gcc -o conftest -g -O2   conftest.c -lreadline   >&5
/usr/bin/ld: cannot find -lreadline
collect2: error: ld returned 1 exit status
preflight:3779: $? = 1
preflight: failed program was:
| /* confdefs.h */
| #define PACKAGE_NAME "FULL-PACKAGE-NAME"
| #define PACKAGE_TARNAME "full-package-name"
| #define PACKAGE_VERSION "VERSION"
| #define PACKAGE_STRING "FULL-PACKAGE-NAME VERSION"
| #define PACKAGE_BUGREPORT "BUG-REPORT-ADDRESS"
| #define PACKAGE_URL ""
| #define STDC_HEADERS 1
| #define HAVE_SYS_TYPES_H 1
| #define HAVE_SYS_STAT_H 1
| #define HAVE_STDLIB_H 1
| #define HAVE_STRING_H 1
| #define HAVE_MEMORY_H 1
| #define HAVE_STRINGS_H 1
| #define HAVE_INTTYPES_H 1
| #define HAVE_STDINT_H 1
| #define HAVE_UNISTD_H 1
| /* end confdefs.h.  */
| 
| 
| int
| main ()
| {
| return main ();
|   ;
|   return 0;
| }
preflight:3788: result: no
preflight:3803: checking for gzread in -lz
preflight:3828: gcc -o conftest -g -O2   conftest.c -lz   >&5
preflight:3828: $? = 0
preflight:3837: result: yes
preflight:3840: checking zlib.h usability
preflight:3840: gcc -c -g -O2  conftest.c >&5
preflight:3840: $? = 0
preflight:3840: result: yes
preflight:3840: checking zlib.h presence
preflight:3840: gcc -E  conftest.c
preflight:3840: $? = 0
preflight:3840: result: yes
preflight:3840: checking for zlib.h
preflight:3840: result: yes
preflight:3852: checking for jpeg_read_header in -ljpeg
preflight:3877: gcc -o conftest -g -O2   conftest.c -ljpeg   >&5
preflight:3877: $? = 0
preflight:3886: result: yes
preflight:3889: checking jpeglib.h usability
preflight:3889: gcc -c -g -O2  conftest.c >&5
preflight:3889: $? = 0
preflight:3889: result: yes
preflight:3889: checking jpeglib.h presence
preflight:3889: gcc -E  conftest.c
preflight:3889: $? = 0
preflight:3889: result: yes
preflight:3889: checking for jpeglib.h
preflight:3889: result: yes
preflight:3901: checking for SSL_accept in -lssl
preflight:3926: gcc -o conftest -g -O2   conftest.c -lssl   >&5
preflight:3926: $? = 0
preflight:3935: result: yes
preflight:3938: checking ssl.h usability
preflight:3938: gcc -c -g -O2  conftest.c >&5
conftest.c:52:10: fatal error: ssl.h: No such file or directory
   52 | #include <ssl.h>
      |          ^~~~~~~
compilation terminated.
preflight:3938: $? = 1
preflight: failed program was:
| /* confdefs.h */
| #define PACKAGE_NAME "FULL-PACKAGE-NAME"
| #define PACKAGE_TARNAME "full-package-name"
| #define PACKAGE_VERSION "VERSION"
| #define PACKAGE_STRING "FULL-PACKAGE-NAME VERSION"
| #define PACKAGE_BUGREPORT "BUG-REPORT-ADDRESS"
| #define PACKAGE_URL ""
| #define STDC_HEADERS 1
| #define HAVE_SYS_TYPES_H 1
| #define HAVE_SYS_STAT_H 1
| #define HAVE_STDLIB_H 1
| #define HAVE_STRING_H 1
| #define HAVE_MEMORY_H 1
| #define HAVE_STRINGS_H 1
| #define HAVE_INTTYPES_H 1
| #define HAVE_STDINT_H 1
| #define HAVE_UNISTD_H 1
| /* end confdefs.h.  */
| #include <stdio.h>
| #ifdef HAVE_SYS_TYPES_H
| # include <sys/types.h>
| #endif
| #ifdef HAVE_SYS_STAT_H
| # include <sys/stat.h>
| #endif
| #ifdef STDC_HEADERS
| # include <stdlib.h>
| # include <stddef.h>
| #else
| # ifdef HAVE_STDLIB_H
| #  include <stdlib.h>
| # endif
| #endif
| #ifdef HAVE_STRING_H
| # if !defined STDC_HEADERS && defined HAVE_MEMORY_H
| #  include <memory.h>
| # endif
| # include <string.h>
| #endif
| #ifdef HAVE_STRINGS_H
| # include <strings.h>
| #endif
| #ifdef HAVE_INTTYPES_H
| # include <inttypes.h>
| #endif
| #ifdef HAVE_STDINT_H
| # include <stdint.h>
| #endif
| #ifdef HAVE_UNISTD_H
| # include <unistd.h>
| #endif
| #include <ssl.h>
preflight:3938: result: no
preflight:3938: checking ssl.h presence
preflight:3938: gcc -E  conftest.c
conftest.c:19:10: fatal error: ssl.h: No such file or directory
   19 | #include <ssl.h>
      |          ^~~~~~~
compilation terminated.
preflight:3938: $? = 1
preflight: failed program was:
| /* confdefs.h */
| #define PACKAGE_NAME "FULL-PACKAGE-NAME"
| #define PACKAGE_TARNAME "full-package-name"
| #define PACKAGE_VERSION "VERSION"
| #define PACKAGE_STRING "FULL-PACKAGE-NAME VERSION"
| #define PACKAGE_BUGREPORT "BUG-REPORT-ADDRESS"
| #define PACKAGE_URL ""
| #define STDC_HEADERS 1
| #define HAVE_SYS_TYPES_H 1
| #define HAVE_SYS_STAT_H 1
| #define HAVE_STDLIB_H 1
| #define HAVE_STRING_H 1
| #define HAVE_MEMORY_H 1
| #define HAVE_STRINGS_H 1
| #define HAVE_INTTYPES_H 1
| #define HAVE_STDINT_H 1
| #define HAVE_UNISTD_H 1
| /* end confdefs.h.  */
| #include <ssl.h>
preflight:3938: result: no
preflight:3938: checking for ssl.h
preflight:3938: result: no
preflight:3945: checking for openssl/ssl.h
preflight:3945: result: yes
preflight:4100: creating ./config.status

## ---------------------- ##
## Running config.status. ##
## ---------------------- ##

This file was extended by FULL-PACKAGE-NAME config.status VERSION, which was
generated by GNU Autoconf 2.68.  Invocation command line was

  CONFIG_FILES    = 
  CONFIG_HEADERS  = 
  CONFIG_LINKS    = 
  CONFIG_COMMANDS = 
  $ ./config.status --quiet

on andrew-VirtualBox

config.status:746: creating buildenv.sh

## ---------------- ##
## Cache variables. ##
## ---------------- ##

ac_cv_c_compiler_gnu=yes
ac_cv_cxx_compiler_gnu=yes
ac_cv_env_CCC_set=
ac_cv_env_CCC_value=
ac_cv_env_CC_set=
ac_cv_env_CC_value=
ac_cv_env_CFLAGS_set=
ac_cv_env_CFLAGS_value=
ac_cv_env_CPPFLAGS_set=
ac_cv_env_CPPFLAGS_value=
ac_cv_env_CPP_set=
ac_cv_env_CPP_value=
ac_cv_env_CXXFLAGS_set=
ac_cv_env_CXXFLAGS_value=
ac_cv_env_CXX_set=
ac_cv_env_CXX_value=
ac_cv_env_LDFLAGS_set=
ac_cv_env_LDFLAGS_value=
ac_cv_env_LIBS_set=
ac_cv_env_LIBS_value=
ac_cv_env_build_alias_set=
ac_cv_env_build_alias_value=
ac_cv_env_host_alias_set=
ac_cv_env_host_alias_value=
ac_cv_env_target_alias_set=
ac_cv_env_target_alias_value=
ac_cv_header_inttypes_h=yes
ac_cv_header_jpeglib_h=yes
ac_cv_header_memory_h=yes
ac_cv_header_openssl_ssl_h=yes
ac_cv_header_ssl_h=no
ac_cv_header_stdc=yes
ac_cv_header_stdint_h=yes
ac_cv_header_stdlib_h=yes
ac_cv_header_string_h=yes
ac_cv_header_strings_h=yes
ac_cv_header_sys_stat_h=yes
ac_cv_header_sys_types_h=yes
ac_cv_header_unistd_h=yes
ac_cv_header_zlib_h=yes
ac_cv_lib_jpeg_jpeg_read_header=yes
ac_cv_lib_readline_main=no
ac_cv_lib_ssl_SSL_accept=yes
ac_cv_lib_z_gzread=yes
ac_cv_objext=o
ac_cv_path_EGREP='/usr/bin/grep -E'
ac_cv_path_GREP=/usr/bin/grep
ac_cv_path_have_xml2_config=/usr/bin/xml2-config
ac_cv_path_have_xslt_config=/usr/bin/xslt-config
ac_cv_prog_CPP='gcc -E'
ac_cv_prog_ac_ct_CC=gcc
ac_cv_prog_ac_ct_CXX=g++
ac_cv_prog_cc_c89=
ac_cv_prog_cc_g=yes
ac_cv_prog_cxx_g=yes
ac_cv_prog_have_bunzip2=yes
ac_cv_prog_have_gunzip=yes
ac_cv_prog_have_make=yes
ac_cv_prog_have_patch=yes
ac_cv_prog_have_tar=yes

## ----------------- ##
## Output variables. ##
## ----------------- ##

CC='gcc'
CFLAGS='-g -O2'
CPP='gcc -E'
CPPFLAGS=''
CXX='g++'
CXXFLAGS='-g -O2'
DEFS='-DPACKAGE_NAME=\"FULL-PACKAGE-NAME\" -DPACKAGE_TARNAME=\"full-package-name\" -DPACKAGE_VERSION=\"VERSION\" -DPACKAGE_STRING=\"FULL-PACKAGE-NAME\ VERSION\" -DPACKAGE_BUGREPORT=\"BUG-REPORT-ADDRESS\" -DPACKAGE_URL=\"\" -DSTDC_HEADERS=1 -DHAVE_SYS_TYPES_H=1 -DHAVE_SYS_STAT_H=1 -DHAVE_STDLIB_H=1 -DHAVE_STRING_H=1 -DHAVE_MEMORY_H=1 -DHAVE_STRINGS_H=1 -DHAVE_INTTYPES_H=1 -DHAVE_STDINT_H=1 -DHAVE_UNISTD_H=1'
ECHO_C=''
ECHO_N='-n'
ECHO_T=''
EGREP='/usr/bin/grep -E'
EXEEXT=''
GREP='/usr/bin/grep'
LDFLAGS=''
LIBOBJS=''
LIBS=''
LTLIBOBJS=''
OBJEXT='o'
PACKAGE_BUGREPORT='BUG-REPORT-ADDRESS'
PACKAGE_NAME='FULL-PACKAGE-NAME'
PACKAGE_STRING='FULL-PACKAGE-NAME VERSION'
PACKAGE_TARNAME='full-package-name'
PACKAGE_URL=''
PACKAGE_VERSION='VERSION'
PATH_SEPARATOR=':'
SHELL='/bin/bash'
ac_ct_CC='gcc'
ac_ct_CXX='g++'
bindir='${exec_prefix}/bin'
build_alias=''
datadir='${datarootdir}'
datarootdir='${prefix}/share'
docdir='${datarootdir}/doc/${PACKAGE_TARNAME}'
dvidir='${docdir}'
exec_prefix='${prefix}'
have_bunzip2='yes'
have_gunzip='yes'
have_libjpeg='yes'
have_libz='yes'
have_make='yes'
have_patch='yes'
have_readline='no'
have_ssl='yes'
have_ssl_h='yes'
have_tar='yes'
have_xml2_config='/usr/bin/xml2-config'
have_xslt_config='/usr/bin/xslt-config'
host_alias=''
htmldir='${docdir}'
includedir='${prefix}/include'
infodir='${datarootdir}/info'
libdir='${exec_prefix}/lib'
libexecdir='${exec_prefix}/libexec'
localedir='${datarootdir}/locale'
localstatedir='${prefix}/var'
mandir='${datarootdir}/man'
oldincludedir='/usr/include'
pdfdir='${docdir}'
prefix='/usr/local'
program_transform_name='s,x,x,'
psdir='${docdir}'
sbindir='${exec_prefix}/sbin'
sharedstatedir='${prefix}/com'
sysconfdir='${prefix}/etc'
target_alias=''

## ----------- ##
## confdefs.h. ##
## ----------- ##

/* confdefs.h */
#define PACKAGE_NAME "FULL-PACKAGE-NAME"
#define PACKAGE_TARNAME "full-package-name"
#define PACKAGE_VERSION "VERSION"
#define PACKAGE_STRING "FULL-PACKAGE-NAME VERSION"
#define PACKAGE_BUGREPORT "BUG-REPORT-ADDRESS"
#define PACKAGE_URL ""
#define STDC_HEADERS 1
#define HAVE_SYS_TYPES_H 1
#define HAVE_SYS_STAT_H 1
#define HAVE_STDLIB_H 1
#define HAVE_STRING_H 1
#define HAVE_MEMORY_H 1
#define HAVE_STRINGS_H 1
#define HAVE_INTTYPES_H 1
#define HAVE_STDINT_H 1
#define HAVE_UNISTD_H 1

preflight: exit 0
