..\test: []
app.Flask: []
..\test.index: ['open']
jinja2.Template: ['open']
flask: []
flask.__getattr__: ['sys._getframe']
warnings.warn: ['sys._getframe']
<builtin>.AttributeError: []
flask.json: []
flask.json.dumps: []
globals.current_app.json.dumps: []
json.dumps: []
flask.json.dump: []
globals.current_app.json.dump: []
json.dump: []
flask.json.loads: []
globals.current_app.json.loads: []
json.loads: []
flask.json.load: []
globals.current_app.json.load: []
json.load: []
flask.json.jsonify: []
globals.current_app.json.response: []
flask.globals: []
contextvars.ContextVar: []
werkzeug.local.LocalProxy: []
flask.app: []
typing.TypeVar: []
flask.app._make_timedelta: []
<builtin>.isinstance: []
datetime.timedelta: []
flask.app.Flask: []
werkzeug.datastructures.ImmutableDict: []
sessions.SecureCookieSessionInterface: []
flask.app.Flask.__init__: []
<builtin>.super: []
<builtin>.bool: []
weakref.ref: []
flask.app.Flask.__init__.<lambda1>: []
sansio.app.App.add_url_rule: []
flask.app.Flask.get_send_file_max_age: []
<builtin>.int: []
flask.app.Flask.send_static_file: []
<builtin>.RuntimeError: []
typing.cast: []
helpers.send_from_directory: []
flask.app.Flask.open_resource: ['open']
<builtin>.ValueError: []
os.path.join: []
<builtin>.open: ['open']
flask.app.Flask.open_instance_resource: ['open']
flask.app.Flask.create_jinja_environment: []
<builtin>.dict: []
sansio.app.App.jinja_environment: []
flask.app.Flask.create_url_adapter: []
sansio.app.App.url_map.bind_to_environ: []
sansio.app.App.url_map.bind: []
flask.app.Flask.raise_routing_exception: []
debughelpers.FormDataRoutingRedirect: []
flask.app.Flask.update_template_context: []
<builtin>.reversed: []
itertools.chain: []
flask.app.Flask.ensure_sync: []
flask.app.Flask.make_shell_context: []
sansio.app.App.shell_context_processors: []
flask.app.Flask.run: []
os.environ.get: []
werkzeug.serving.is_running_from_reloader: []
click.secho: []
helpers.get_load_dotenv: []
helpers.get_debug_flag: []
sansio.app.App.config.get: []
werkzeug.serving.run_simple: []
flask.app.Flask.test_client: []
testing.FlaskClient: []
sansio.app.App.test_client_class: []
flask.app.Flask.test_cli_runner: []
testing.FlaskCliRunner: []
sansio.app.App.test_cli_runner_class: []
flask.app.Flask.handle_http_exception: []
sansio.app.App._find_error_handler: []
flask.app.Flask.handle_user_exception: []
sansio.app.App.trap_http_exception: []
flask.app.Flask.handle_exception: []
sys.exc_info: []
signals.got_request_exception.send: []
flask.app.Flask.log_exception: []
werkzeug.exceptions.InternalServerError: []
flask.app.Flask.finalize_request: []
sansio.app.App.logger.error: []
flask.app.Flask.dispatch_request: []
<builtin>.getattr: []
flask.app.Flask.make_default_options_response: []
flask.app.Flask.full_dispatch_request: []
signals.request_started.send: []
flask.app.Flask.preprocess_request: []
flask.app.Flask.make_response: []
flask.app.Flask.process_response: []
signals.request_finished.send: []
sansio.app.App.logger.exception: []
globals.request_ctx.url_adapter.allowed_methods: []
sansio.app.App.response_class: []
inspect.iscoroutinefunction: []
flask.app.Flask.async_to_sync: []
asgiref.sync.async_to_sync: []
flask.app.Flask.url_for: []
globals._cv_request.get: []
globals._cv_app.get: []
urllib.parse.quote: []
<builtin>.len: []
<builtin>.TypeError: []
sansio.app.App.json.response: []
<builtin>.callable: []
sansio.app.App.response_class.force_type: []
<builtin>.type: []
globals.request_ctx._get_current_object: []
sansio.app.App.session_interface.is_null_session: []
sansio.app.App.session_interface.save_session: []
flask.app.Flask.do_teardown_request: []
signals.request_tearing_down.send: []
flask.app.Flask.do_teardown_appcontext: []
signals.appcontext_tearing_down.send: []
flask.app.Flask.app_context: []
ctx.AppContext: []
flask.app.Flask.request_context: []
ctx.RequestContext: []
flask.app.Flask.test_request_context: []
testing.EnvironBuilder: []
flask.app.Flask.wsgi_app: []
sansio.app.App.should_ignore_error: []
flask.app.Flask.__call__: []
flask.cli: []
flask.cli.find_best_app: []
click.UsageError.__init__: []
inspect.isfunction: []
flask.cli._called_with_wrong_args: []
flask.cli.find_app_by_string: ['compile']
ast.parse: ['compile']
ast.literal_eval: ['compile']
flask.cli.prepare_import: []
os.path.realpath: []
os.path.splitext: []
os.path.basename: []
os.path.dirname: []
os.path.split: []
os.path.exists: []
sys.path.insert: []
typing.overload: []
flask.cli.locate_app: ['builtins.id', 'compile']
<builtin>.__import__: []
traceback.format_exc: ['builtins.id']
flask.cli.get_version: []
platform.python_version: []
click.echo: []
click.Option: []
flask.cli.ScriptInfo.__init__: []
flask.cli.ScriptInfo.load_app: ['builtins.id', 'compile', 'sys._getframe']
re.split: ['sys._getframe']
click.make_pass_decorator: []
flask.cli.with_appcontext: []
click.pass_context: []
flask.cli.with_appcontext.decorator: []
functools.update_wrapper: []
flask.cli.AppGroup.command: []
flask.cli.AppGroup.command.decorator: []
flask.cli.AppGroup.group: []
flask.cli._set_app: []
flask.cli._set_debug: []
flask.cli._env_file_callback: []
importlib.import_module: []
click.BadParameter: []
flask.cli.load_dotenv: []
click.Path: []
flask.cli.FlaskGroup.__init__: []
<builtin>.list: []
click.Group.add_command: []
flask.cli.FlaskGroup._load_plugin_commands: []
importlib.metadata.entry_points: []
importlib_metadata.entry_points: []
flask.cli.FlaskGroup.get_command: []
globals.current_app._get_current_object: []
flask.cli.FlaskGroup.list_commands: ['builtins.id']
<builtin>.set: []
<builtin>.sorted: []
flask.cli.FlaskGroup.make_context: []
flask.cli.FlaskGroup.parse_args: []
flask.cli._path_is_ancestor: []
os.path.isfile: []
dotenv.load_dotenv: []
dotenv.find_dotenv: []
flask.cli.show_server_banner: []
flask.cli.CertParamType.__init__: []
flask.cli.CertParamType.convert: []
click.STRING: []
werkzeug.utils.import_string: []
flask.cli._validate_key: []
flask.cli.SeparatedPathType.convert: []
click.Path.split_envvar_value: []
click.command: []
click.option: []
click.Path.__init__: []
flask.cli.pass_script_info: []
flask.cli.run_command: ['builtins.id']
traceback.print_exc: ['builtins.id']
flask.cli.run_command.app: []
werkzeug.run_simple: []
flask.cli.shell_command: ['sys.excepthook', 'exec', 'compile', 'open', 'builtins.id', 'builtins.input', 'builtins.input/result']
<builtin>.compile: ['compile']
<builtin>.eval: ['compile', 'exec']
globals.current_app.make_shell_context: []
rlcompleter.Completer: []
readline.set_completer: []
code.interact: ['builtins.input/result', 'builtins.id', 'sys.excepthook', 'builtins.input', 'exec']
click.Choice: []
flask.cli.routes_command: []
globals.current_app.url_map.iter_rules: []
<builtin>.any: []
operator.itemgetter: []
<builtin>.max: []
<builtin>.range: []
<builtin>.enumerate: []
flask.cli.main: []
click.Group.main: []
flask.helpers: []
flask.helpers.get_debug_flag: []
flask.helpers.get_load_dotenv: []
flask.helpers.stream_with_context: []
<builtin>.iter: []
flask.helpers.stream_with_context.decorator: []
flask.helpers.stream_with_context.generator: []
<builtin>.hasattr: []
<builtin>.next: []
flask.helpers.make_response: []
globals.current_app.response_class: []
globals.current_app.make_response: []
flask.helpers.url_for: []
globals.current_app.url_for: []
flask.helpers.redirect: []
globals.current_app.redirect: []
werkzeug.utils.redirect: []
flask.helpers.abort: []
globals.current_app.aborter: []
werkzeug.exceptions.abort: []
flask.helpers.get_template_attribute: []
globals.current_app.jinja_env.get_template: []
flask.helpers.flash: []
globals.session.get: []
signals.message_flashed.send: []
flask.helpers.get_flashed_messages: []
globals.session.pop: []
flask.helpers.get_flashed_messages.<lambda1>: []
<builtin>.filter: []
flask.helpers._prepare_send_file_kwargs: []
flask.helpers.send_file: []
flask.helpers.send_from_directory: []
flask.helpers.get_root_path: []
sys.modules.get: []
os.path.abspath: []
os.getcwd: []
functools.lru_cache: []
flask.helpers._split_blueprint_path: []
flask.signals: []
blinker.Namespace: []
flask.wrappers: []
flask.wrappers.Request.max_content_length: []
flask.wrappers.Request.endpoint: []
flask.wrappers.Request.blueprint: []
flask.wrappers.Request.blueprints: []
helpers._split_blueprint_path: []
flask.wrappers.Request._load_form_data: []
debughelpers.attach_enctype_error_multidict: []
flask.wrappers.Request.on_json_loading_failed: []
werkzeug.exceptions.BadRequest: []
flask.wrappers.Response.max_cookie_size: []
flask.debughelpers: []
flask.debughelpers.DebugFilesKeyError.__init__: []
<builtin>.repr: []
flask.debughelpers.DebugFilesKeyError.__str__: []
flask.debughelpers.FormDataRoutingRedirect.__init__: []
flask.debughelpers.attach_enctype_error_multidict: []
flask.debughelpers.attach_enctype_error_multidict.newcls.__getitem__: []
flask.debughelpers._dump_loader_info: []
<builtin>.all: []
flask.debughelpers.explain_template_loading_attempts: []
flask.blueprints: []
flask.blueprints.Blueprint.__init__: []
cli.AppGroup: []
flask.blueprints.Blueprint.get_send_file_max_age: []
flask.blueprints.Blueprint.send_static_file: []
flask.blueprints.Blueprint.open_resource: ['open']
flask.sansio.blueprints: []
flask.sansio.blueprints.BlueprintSetupState.__init__: []
flask.sansio.blueprints.BlueprintSetupState.add_url_rule: []
scaffold._endpoint_from_view_func: []
flask.sansio.blueprints.Blueprint.__init__: []
flask.sansio.blueprints.Blueprint._check_setup_finished: []
<builtin>.AssertionError: []
flask.sansio.blueprints.Blueprint: []
scaffold.setupmethod: []
flask.sansio.blueprints.Blueprint.record: []
scaffold.Scaffold.deferred_functions.append: []
flask.sansio.blueprints.Blueprint.record_once: []
flask.sansio.blueprints.Blueprint.record_once.wrapper: ['compile', 'builtins.input/result', 'open', 'builtins.id', 'sys.excepthook', 'builtins.input', 'exec']
flask.sansio.blueprints.Blueprint.add_app_template_test.register_template: []
flask.sansio.blueprints.Blueprint.add_app_template_filter.register_template: []
flask.sansio.blueprints.Blueprint.app_errorhandler.decorator.from_blueprint: []
flask.sansio.blueprints.Blueprint.add_app_template_global.register_template: []
flask.sansio.blueprints.Blueprint.make_setup_state: []
flask.sansio.blueprints.Blueprint.register_blueprint: []
scaffold.Scaffold._blueprints.append: []
flask.sansio.blueprints.Blueprint.register: []
flask.sansio.blueprints.Blueprint._merge_blueprint_funcs: []
scaffold.Scaffold.deferred_functions: []
flask.sansio.blueprints.Blueprint._merge_blueprint_funcs.extend: []
scaffold.Scaffold.after_request_funcs.items: []
scaffold.Scaffold.before_request_funcs.items: []
scaffold.Scaffold.teardown_request_funcs.items: []
scaffold.Scaffold.url_default_functions.items: []
scaffold.Scaffold.template_context_processors.items: []
scaffold.Scaffold.url_value_preprocessors.items: []
scaffold.Scaffold.error_handler_spec.items: []
collections.defaultdict: []
scaffold.Scaffold.view_functions.items: []
flask.sansio.blueprints.Blueprint.add_url_rule: []
flask.sansio.blueprints.Blueprint.add_url_rule.<lambda1>: []
flask.sansio.blueprints.Blueprint.app_template_filter: []
flask.sansio.blueprints.Blueprint.app_template_filter.decorator: []
flask.sansio.blueprints.Blueprint.add_app_template_filter: []
flask.sansio.blueprints.Blueprint.app_template_test: []
flask.sansio.blueprints.Blueprint.app_template_test.decorator: []
flask.sansio.blueprints.Blueprint.add_app_template_test: []
flask.sansio.blueprints.Blueprint.app_template_global: []
flask.sansio.blueprints.Blueprint.app_template_global.decorator: []
flask.sansio.blueprints.Blueprint.add_app_template_global: []
flask.sansio.blueprints.Blueprint.before_app_request: []
flask.sansio.blueprints.Blueprint.before_app_request.<lambda1>: []
flask.sansio.blueprints.Blueprint.after_app_request: []
flask.sansio.blueprints.Blueprint.after_app_request.<lambda1>: []
flask.sansio.blueprints.Blueprint.teardown_app_request: []
flask.sansio.blueprints.Blueprint.teardown_app_request.<lambda1>: []
flask.sansio.blueprints.Blueprint.app_context_processor: []
flask.sansio.blueprints.Blueprint.app_context_processor.<lambda1>: []
flask.sansio.blueprints.Blueprint.app_errorhandler: []
flask.sansio.blueprints.Blueprint.app_errorhandler.decorator: []
flask.sansio.blueprints.Blueprint.app_url_value_preprocessor: []
flask.sansio.blueprints.Blueprint.app_url_value_preprocessor.<lambda1>: []
flask.sansio.blueprints.Blueprint.app_url_defaults: []
flask.sansio.blueprints.Blueprint.app_url_defaults.<lambda1>: []
flask.sansio.scaffold: []
<builtin>.object: []
flask.sansio.scaffold.setupmethod: []
flask.sansio.scaffold.setupmethod.wrapper_func: ['compile', 'builtins.input/result', 'open', 'builtins.id', 'sys.excepthook', 'builtins.input', 'exec']
flask.sansio.scaffold.Scaffold.get: []
flask.sansio.scaffold.Scaffold.add_url_rule: []
flask.sansio.scaffold.Scaffold.patch: []
flask.sansio.scaffold.Scaffold.url_defaults: []
flask.sansio.scaffold.Scaffold.after_request: []
flask.sansio.scaffold.Scaffold.url_value_preprocessor: []
flask.sansio.scaffold.Scaffold.context_processor: []
flask.sansio.scaffold.Scaffold.put: []
flask.sansio.scaffold.Scaffold.route: []
flask.sansio.scaffold.Scaffold.teardown_request: []
flask.sansio.scaffold.Scaffold.before_request: []
flask.sansio.scaffold.Scaffold.endpoint: []
flask.sansio.scaffold.Scaffold.delete: []
flask.sansio.scaffold.Scaffold.post: []
flask.sansio.scaffold.Scaffold.register_error_handler: []
flask.sansio.scaffold.Scaffold.errorhandler: []
flask.sansio.scaffold.Scaffold.__init__: []
helpers.get_root_path: []
flask.sansio.scaffold.Scaffold.__init__.<lambda1>: []
flask.sansio.scaffold.Scaffold.__repr__: []
flask.sansio.scaffold.Scaffold._check_setup_finished: []
flask.sansio.scaffold.Scaffold.static_folder: []
os.fspath: []
flask.sansio.scaffold.Scaffold.has_static_folder: []
flask.sansio.scaffold.Scaffold.static_url_path: []
flask.sansio.scaffold.Scaffold: []
werkzeug.utils.cached_property: []
flask.sansio.scaffold.Scaffold.jinja_loader: []
jinja2.FileSystemLoader: []
flask.sansio.scaffold.Scaffold._method_route: []
flask.sansio.scaffold.Scaffold.route.decorator: []
flask.sansio.scaffold.Scaffold.endpoint.decorator: []
flask.sansio.scaffold.Scaffold.errorhandler.decorator: []
flask.sansio.scaffold.Scaffold._get_exc_class_and_code: []
<builtin>.issubclass: []
flask.sansio.scaffold._endpoint_from_view_func: []
flask.sansio.scaffold._path_is_relative_to: []
flask.sansio.scaffold._find_package_path: []
os.path.commonpath: []
pathlib.Path: []
flask.sansio.scaffold.find_package: []
pathlib.PurePath: []
flask.templating: []
flask.templating._default_template_ctx_processor: []
flask.templating.Environment.__init__: []
jinja2.Environment.__init__: []
flask.templating.DispatchingJinjaLoader.__init__: []
flask.templating.DispatchingJinjaLoader.get_source: []
flask.templating.DispatchingJinjaLoader._get_source_explained: []
flask.templating.DispatchingJinjaLoader._get_source_fast: []
flask.templating.DispatchingJinjaLoader._iter_loaders: []
debughelpers.explain_template_loading_attempts: []
jinja2.TemplateNotFound: []
flask.templating.DispatchingJinjaLoader.list_templates: []
flask.templating._render: []
signals.before_render_template.send: []
signals.template_rendered.send: []
flask.templating.render_template: []
flask.templating.render_template_string: []
flask.templating._stream: []
flask.templating._stream.generate: []
helpers.stream_with_context: []
flask.templating.stream_template: []
flask.templating.stream_template_string: []
flask.sansio.app: []
flask.sansio.app._make_timedelta: []
flask.sansio.app.App.__init__: []
flask.sansio.app.App.auto_find_instance_path: []
os.path.isabs: []
flask.sansio.app.App.make_config: []
flask.sansio.app.App.make_aborter: []
scaffold.Scaffold.json_provider_class: []
werkzeug.routing.Map: []
flask.sansio.app.App._check_setup_finished: []
flask.sansio.app.App: []
flask.sansio.app.App.name: []
flask.sansio.app.App.logger: []
logging.create_logger: []
flask.sansio.app.App.jinja_env: []
flask.sansio.app.App.create_jinja_environment: []
<builtin>.NotImplementedError: []
config.Config: []
werkzeug.exceptions.Aborter: []
scaffold.find_package: []
flask.sansio.app.App.create_global_jinja_loader: []
templating.DispatchingJinjaLoader: []
flask.sansio.app.App.select_jinja_autoescape: []
flask.sansio.app.App.debug: []
flask.sansio.app.App.register_blueprint: []
flask.sansio.app.App.iter_blueprints: []
scaffold.Scaffold.blueprints.values: []
flask.sansio.app.App.add_url_rule: []
werkzeug.routing.Rule: []
scaffold.Scaffold.view_functions.get: []
flask.sansio.app.App.template_filter: []
flask.sansio.app.App.template_filter.decorator: []
flask.sansio.app.App.add_template_filter: []
flask.sansio.app.App.template_test: []
flask.sansio.app.App.template_test.decorator: []
flask.sansio.app.App.add_template_test: []
flask.sansio.app.App.template_global: []
flask.sansio.app.App.template_global.decorator: []
flask.sansio.app.App.add_template_global: []
flask.sansio.app.App.teardown_appcontext: []
scaffold.Scaffold.teardown_appcontext_funcs.append: []
flask.sansio.app.App.shell_context_processor: []
scaffold.Scaffold.shell_context_processors.append: []
flask.sansio.app.App._find_error_handler: []
scaffold.Scaffold._get_exc_class_and_code: []
flask.sansio.app.App.trap_http_exception: []
flask.sansio.app.App.should_ignore_error: []
flask.sansio.app.App.redirect: []
flask.sansio.app.App.inject_url_defaults: []
flask.sansio.app.App.handle_url_build_error: []
scaffold.Scaffold.url_build_error_handlers: []
flask.config: []
flask.config.ConfigAttribute.__init__: []
flask.config.ConfigAttribute: []
flask.config.ConfigAttribute.__get__: []
flask.config.ConfigAttribute.__set__: []
flask.config.Config.__init__: []
flask.config.Config.from_envvar: ['compile', 'open', 'exec']
flask.config.Config.from_pyfile: ['compile', 'open', 'exec']
flask.config.Config.from_prefixed_env: []
types.ModuleType: []
<builtin>.exec: ['exec']
flask.config.Config.from_object: []
<builtin>.dir: []
flask.config.Config.from_file: ['open']
flask.config.Config.from_mapping: []
flask.config.Config.get_namespace: []
flask.config.Config.__repr__: []
flask.ctx: []
flask.ctx._AppCtxGlobals.__getattr__: []
flask.ctx._AppCtxGlobals.__setattr__: []
flask.ctx._AppCtxGlobals.__delattr__: []
flask.ctx._AppCtxGlobals.get: []
flask.ctx._AppCtxGlobals.pop: []
flask.ctx._AppCtxGlobals.setdefault: []
flask.ctx._AppCtxGlobals.__contains__: []
flask.ctx._AppCtxGlobals.__iter__: []
flask.ctx._AppCtxGlobals.__repr__: []
flask.ctx.after_this_request: []
flask.ctx.copy_current_request_context: []
flask.ctx.copy_current_request_context.wrapper: []
flask.ctx.has_request_context: []
flask.ctx.has_app_context: []
flask.ctx.AppContext.__init__: []
flask.ctx.AppContext.push: []
globals._cv_app.set: []
signals.appcontext_pushed.send: []
flask.ctx.AppContext.pop: []
globals._cv_app.reset: []
signals.appcontext_popped.send: []
flask.ctx.AppContext.__enter__: []
flask.ctx.AppContext.__exit__: []
flask.ctx.RequestContext.__init__: []
flask.ctx.RequestContext.copy: []
flask.ctx.RequestContext.match_request: []
flask.ctx.RequestContext.push: []
globals._cv_request.set: []
flask.ctx.RequestContext.pop: []
globals._cv_request.reset: []
flask.ctx.RequestContext.__enter__: []
flask.ctx.RequestContext.__exit__: []
flask.ctx.RequestContext.__repr__: []
flask.sessions: []
flask.sessions.SessionMixin.permanent: []
flask.sessions.SecureCookieSession.get: []
collections.abc.MutableMapping.get: []
flask.sessions.SecureCookieSession.__init__: []
flask.sessions.SecureCookieSession.__init__.on_update: []
flask.sessions.SecureCookieSession.__getitem__: []
flask.sessions.SecureCookieSession.setdefault: []
flask.sessions.NullSession._fail: []
flask.sessions.SessionInterface.make_null_session: []
flask.sessions.SessionInterface.is_null_session: []
flask.sessions.SessionInterface.get_cookie_name: []
flask.sessions.SessionInterface.get_cookie_domain: []
flask.sessions.SessionInterface.get_cookie_path: []
flask.sessions.SessionInterface.get_cookie_httponly: []
flask.sessions.SessionInterface.get_cookie_secure: []
flask.sessions.SessionInterface.get_cookie_samesite: []
flask.sessions.SessionInterface.get_expiration_time: []
datetime.datetime.now: []
flask.sessions.SessionInterface.should_set_cookie: []
flask.sessions.SessionInterface.open_session: []
flask.sessions.SessionInterface.save_session: []
json.tag.TaggedJSONSerializer: []
flask.sessions._lazy_sha1: []
hashlib.sha1: []
<builtin>.staticmethod: []
flask.sessions.SecureCookieSessionInterface: []
flask.sessions.SecureCookieSessionInterface.get_signing_serializer: []
itsdangerous.URLSafeTimedSerializer: []
flask.sessions.SecureCookieSessionInterface.open_session: []
flask.sessions.SecureCookieSessionInterface.save_session: []
flask.json.tag: []
flask.json.tag.JSONTag.__init__: []
flask.json.tag.JSONTag.check: []
flask.json.tag.JSONTag.to_json: []
flask.json.tag.JSONTag.to_python: []
flask.json.tag.JSONTag.tag: []
flask.json.tag.TagDict.check: []
flask.json.tag.TagDict.to_json: []
flask.json.tag.TagDict.to_python: []
flask.json.tag.PassDict.check: []
flask.json.tag.PassDict.to_json: []
flask.json.tag.TagTuple.check: []
flask.json.tag.TagTuple.to_json: []
flask.json.tag.TagTuple.to_python: []
<builtin>.tuple: []
flask.json.tag.PassList.check: []
flask.json.tag.PassList.to_json: []
flask.json.tag.TagBytes.check: []
flask.json.tag.TagBytes.to_json: []
base64.b64encode: []
flask.json.tag.TagBytes.to_python: ['sys._getframe']
base64.b64decode: ['sys._getframe']
flask.json.tag.TagMarkup.check: []
flask.json.tag.TagMarkup.to_json: []
<builtin>.str: []
flask.json.tag.TagMarkup.to_python: []
markupsafe.Markup: []
flask.json.tag.TagUUID.check: []
flask.json.tag.TagUUID.to_json: []
flask.json.tag.TagUUID.to_python: []
uuid.UUID: []
flask.json.tag.TagDateTime.check: []
flask.json.tag.TagDateTime.to_json: []
werkzeug.http.http_date: []
flask.json.tag.TagDateTime.to_python: []
werkzeug.http.parse_date: []
flask.json.tag.TaggedJSONSerializer.__init__: []
flask.json.tag.TaggedJSONSerializer.register: []
<builtin>.KeyError: []
flask.json.tag.TaggedJSONSerializer.tag: []
flask.json.tag.TaggedJSONSerializer.untag: []
flask.json.tag.TaggedJSONSerializer._untag_scan: []
flask.json.tag.TaggedJSONSerializer.dumps: []
flask.json.tag.TaggedJSONSerializer.loads: []
flask.typing: []
flask.logging: []
flask.logging.wsgi_errors_stream: []
flask.logging.has_level_handler: []
logging.StreamHandler: []
logging.Formatter: []
flask.logging.create_logger: []
logging.getLogger: []
flask.testing: []
flask.testing.EnvironBuilder.__init__: []
werkzeug.test.Client.application.config.get: []
urllib.parse.urlsplit: []
flask.testing.EnvironBuilder.json_dumps: []
werkzeug.test.Client.application.json.dumps: []
flask.testing._get_werkzeug_version: []
flask.testing.FlaskClient.__init__: []
contextlib.ExitStack: []
flask.testing.FlaskClient: []
contextlib.contextmanager: []
flask.testing.FlaskClient.session_transaction: []
werkzeug.test.Client.application.test_request_context: []
werkzeug.test.Client._add_cookies_to_wsgi: []
werkzeug.test.Client.application.session_interface.open_session: []
werkzeug.test.Client.application.response_class: []
werkzeug.test.Client.application.session_interface.is_null_session: []
werkzeug.test.Client.application.session_interface.save_session: []
werkzeug.test.Client._update_cookies_from_response: []
flask.testing.FlaskClient._copy_environ: []
flask.testing.FlaskClient._request_from_builder_args: []
flask.testing.FlaskClient.open: ['builtins.id']
copy.copy: ['builtins.id']
werkzeug.test.Client._new_contexts.pop: []
flask.testing.FlaskClient.__enter__: []
flask.testing.FlaskClient.__exit__: []
flask.testing.FlaskCliRunner.__init__: []
flask.testing.FlaskCliRunner.invoke: []
flask.testing.FlaskCliRunner.invoke.<lambda1>: []
cli.ScriptInfo: []
flask.json.provider: []
flask.json.provider.JSONProvider.__init__: []
weakref.proxy: []
flask.json.provider.JSONProvider.dumps: []
flask.json.provider.JSONProvider.dump: []
flask.json.provider.JSONProvider.loads: []
flask.json.provider.JSONProvider.load: []
flask.json.provider.JSONProvider._prepare_response_obj: []
flask.json.provider.JSONProvider.response: []
flask.json.provider._default: ['builtins.id']
dataclasses.is_dataclass: []
dataclasses.asdict: ['builtins.id']
flask.json.provider.DefaultJSONProvider: []
flask.json.provider.DefaultJSONProvider.dumps: []
flask.json.provider.DefaultJSONProvider.loads: []
flask.json.provider.DefaultJSONProvider.response: []
